2021-02-24 17:48:22,206 DEBUG    root            Loaded Command Group: ['gcloud', 'components']
2021-02-24 17:48:22,210 DEBUG    root            Loaded Command Group: ['gcloud', 'components', 'update']
2021-02-24 17:48:22,214 DEBUG    root            Running [gcloud.components.update] with arguments: [--allow-no-backup: "True", --quiet: "True", COMPONENT-IDS:7: "['core', 'gcloud-deps', 'bq', 'gcloud', 'gsutil', 'anthoscli', 'kuberun']"]
2021-02-24 17:48:22,220 INFO     ___FILE_ONLY___ Beginning update. This process may take several minutes.

2021-02-24 17:48:34,358 INFO     ___FILE_ONLY___ 

2021-02-24 17:48:34,359 INFO     ___FILE_ONLY___ 
Your current Cloud SDK version is: 329.0.0

2021-02-24 17:48:34,359 INFO     ___FILE_ONLY___ Installing components from version: 329.0.0

2021-02-24 17:48:34,359 INFO     ___FILE_ONLY___ 

2021-02-24 17:48:34,533 INFO     ___FILE_ONLY___ ┌─────────────────────────────────────────────────────────────────────────────┐
2021-02-24 17:48:34,533 INFO     ___FILE_ONLY___ 

2021-02-24 17:48:34,533 INFO     ___FILE_ONLY___ │                     These components will be installed.                     │
2021-02-24 17:48:34,533 INFO     ___FILE_ONLY___ 

2021-02-24 17:48:34,533 INFO     ___FILE_ONLY___ ├─────────────────────────────────────────────────────┬────────────┬──────────┤
2021-02-24 17:48:34,534 INFO     ___FILE_ONLY___ 

2021-02-24 17:48:34,534 INFO     ___FILE_ONLY___ │                         Name                        │  Version   │   Size   │
2021-02-24 17:48:34,534 INFO     ___FILE_ONLY___ 

2021-02-24 17:48:34,534 INFO     ___FILE_ONLY___ ├─────────────────────────────────────────────────────┼────────────┼──────────┤
2021-02-24 17:48:34,534 INFO     ___FILE_ONLY___ 

2021-02-24 17:48:34,534 INFO     ___FILE_ONLY___ │ 
2021-02-24 17:48:34,534 INFO     ___FILE_ONLY___ BigQuery Command Line Tool                         
2021-02-24 17:48:34,535 INFO     ___FILE_ONLY___  
2021-02-24 17:48:34,535 INFO     ___FILE_ONLY___ │ 
2021-02-24 17:48:34,535 INFO     ___FILE_ONLY___     2.0.65
2021-02-24 17:48:34,535 INFO     ___FILE_ONLY___  
2021-02-24 17:48:34,535 INFO     ___FILE_ONLY___ │ 
2021-02-24 17:48:34,535 INFO     ___FILE_ONLY___  < 1 MiB
2021-02-24 17:48:34,535 INFO     ___FILE_ONLY___  
2021-02-24 17:48:34,535 INFO     ___FILE_ONLY___ │
2021-02-24 17:48:34,535 INFO     ___FILE_ONLY___ 

2021-02-24 17:48:34,536 INFO     ___FILE_ONLY___ │ 
2021-02-24 17:48:34,536 INFO     ___FILE_ONLY___ BigQuery Command Line Tool (Platform Specific)     
2021-02-24 17:48:34,536 INFO     ___FILE_ONLY___  
2021-02-24 17:48:34,536 INFO     ___FILE_ONLY___ │ 
2021-02-24 17:48:34,536 INFO     ___FILE_ONLY___     2.0.64
2021-02-24 17:48:34,536 INFO     ___FILE_ONLY___  
2021-02-24 17:48:34,536 INFO     ___FILE_ONLY___ │ 
2021-02-24 17:48:34,536 INFO     ___FILE_ONLY___  < 1 MiB
2021-02-24 17:48:34,537 INFO     ___FILE_ONLY___  
2021-02-24 17:48:34,537 INFO     ___FILE_ONLY___ │
2021-02-24 17:48:34,537 INFO     ___FILE_ONLY___ 

2021-02-24 17:48:34,537 INFO     ___FILE_ONLY___ │ 
2021-02-24 17:48:34,537 INFO     ___FILE_ONLY___ Cloud SDK Core Libraries (Platform Specific)       
2021-02-24 17:48:34,537 INFO     ___FILE_ONLY___  
2021-02-24 17:48:34,537 INFO     ___FILE_ONLY___ │ 
2021-02-24 17:48:34,537 INFO     ___FILE_ONLY___ 2021.02.05
2021-02-24 17:48:34,538 INFO     ___FILE_ONLY___  
2021-02-24 17:48:34,538 INFO     ___FILE_ONLY___ │ 
2021-02-24 17:48:34,538 INFO     ___FILE_ONLY___  < 1 MiB
2021-02-24 17:48:34,538 INFO     ___FILE_ONLY___  
2021-02-24 17:48:34,538 INFO     ___FILE_ONLY___ │
2021-02-24 17:48:34,538 INFO     ___FILE_ONLY___ 

2021-02-24 17:48:34,538 INFO     ___FILE_ONLY___ │ 
2021-02-24 17:48:34,538 INFO     ___FILE_ONLY___ Cloud Storage Command Line Tool                    
2021-02-24 17:48:34,538 INFO     ___FILE_ONLY___  
2021-02-24 17:48:34,539 INFO     ___FILE_ONLY___ │ 
2021-02-24 17:48:34,539 INFO     ___FILE_ONLY___       4.59
2021-02-24 17:48:34,539 INFO     ___FILE_ONLY___  
2021-02-24 17:48:34,539 INFO     ___FILE_ONLY___ │ 
2021-02-24 17:48:34,539 INFO     ___FILE_ONLY___  3.9 MiB
2021-02-24 17:48:34,539 INFO     ___FILE_ONLY___  
2021-02-24 17:48:34,539 INFO     ___FILE_ONLY___ │
2021-02-24 17:48:34,540 INFO     ___FILE_ONLY___ 

2021-02-24 17:48:34,540 INFO     ___FILE_ONLY___ │ 
2021-02-24 17:48:34,540 INFO     ___FILE_ONLY___ Cloud Storage Command Line Tool (Platform Specific)
2021-02-24 17:48:34,540 INFO     ___FILE_ONLY___  
2021-02-24 17:48:34,541 INFO     ___FILE_ONLY___ │ 
2021-02-24 17:48:34,541 INFO     ___FILE_ONLY___       4.58
2021-02-24 17:48:34,541 INFO     ___FILE_ONLY___  
2021-02-24 17:48:34,541 INFO     ___FILE_ONLY___ │ 
2021-02-24 17:48:34,541 INFO     ___FILE_ONLY___  < 1 MiB
2021-02-24 17:48:34,541 INFO     ___FILE_ONLY___  
2021-02-24 17:48:34,541 INFO     ___FILE_ONLY___ │
2021-02-24 17:48:34,542 INFO     ___FILE_ONLY___ 

2021-02-24 17:48:34,542 INFO     ___FILE_ONLY___ │ 
2021-02-24 17:48:34,542 INFO     ___FILE_ONLY___ Kuberun                                            
2021-02-24 17:48:34,542 INFO     ___FILE_ONLY___  
2021-02-24 17:48:34,542 INFO     ___FILE_ONLY___ │ 
2021-02-24 17:48:34,542 INFO     ___FILE_ONLY___     0.0.10
2021-02-24 17:48:34,542 INFO     ___FILE_ONLY___  
2021-02-24 17:48:34,542 INFO     ___FILE_ONLY___ │ 
2021-02-24 17:48:34,543 INFO     ___FILE_ONLY___ 22.6 MiB
2021-02-24 17:48:34,543 INFO     ___FILE_ONLY___  
2021-02-24 17:48:34,543 INFO     ___FILE_ONLY___ │
2021-02-24 17:48:34,543 INFO     ___FILE_ONLY___ 

2021-02-24 17:48:34,543 INFO     ___FILE_ONLY___ │ 
2021-02-24 17:48:34,543 INFO     ___FILE_ONLY___ anthoscli                                          
2021-02-24 17:48:34,543 INFO     ___FILE_ONLY___  
2021-02-24 17:48:34,543 INFO     ___FILE_ONLY___ │ 
2021-02-24 17:48:34,544 INFO     ___FILE_ONLY___      0.2.7
2021-02-24 17:48:34,544 INFO     ___FILE_ONLY___  
2021-02-24 17:48:34,544 INFO     ___FILE_ONLY___ │ 
2021-02-24 17:48:34,544 INFO     ___FILE_ONLY___ 51.7 MiB
2021-02-24 17:48:34,544 INFO     ___FILE_ONLY___  
2021-02-24 17:48:34,544 INFO     ___FILE_ONLY___ │
2021-02-24 17:48:34,544 INFO     ___FILE_ONLY___ 

2021-02-24 17:48:34,544 INFO     ___FILE_ONLY___ │ 
2021-02-24 17:48:34,545 INFO     ___FILE_ONLY___ gcloud cli dependencies                            
2021-02-24 17:48:34,545 INFO     ___FILE_ONLY___  
2021-02-24 17:48:34,545 INFO     ___FILE_ONLY___ │ 
2021-02-24 17:48:34,545 INFO     ___FILE_ONLY___ 2020.06.12
2021-02-24 17:48:34,545 INFO     ___FILE_ONLY___  
2021-02-24 17:48:34,545 INFO     ___FILE_ONLY___ │ 
2021-02-24 17:48:34,546 INFO     ___FILE_ONLY___  < 1 MiB
2021-02-24 17:48:34,546 INFO     ___FILE_ONLY___  
2021-02-24 17:48:34,546 INFO     ___FILE_ONLY___ │
2021-02-24 17:48:34,546 INFO     ___FILE_ONLY___ 

2021-02-24 17:48:34,546 INFO     ___FILE_ONLY___ └─────────────────────────────────────────────────────┴────────────┴──────────┘
2021-02-24 17:48:34,546 INFO     ___FILE_ONLY___ 

2021-02-24 17:48:34,547 INFO     ___FILE_ONLY___ 

2021-02-24 17:48:34,671 INFO     ___FILE_ONLY___ For the latest full release notes, please visit:
  https://cloud.google.com/sdk/release_notes


2021-02-24 17:48:34,677 INFO     ___FILE_ONLY___ ╔════════════════════════════════════════════════════════════╗

2021-02-24 17:48:34,677 INFO     ___FILE_ONLY___ ╠═ Creating update staging area                             ═╣

2021-02-24 17:48:34,678 INFO     ___FILE_ONLY___ ╚
2021-02-24 17:48:34,678 INFO     ___FILE_ONLY___ ══════
2021-02-24 17:48:34,678 INFO     ___FILE_ONLY___ ══════
2021-02-24 17:48:34,679 INFO     ___FILE_ONLY___ ══════
2021-02-24 17:48:34,917 INFO     ___FILE_ONLY___ ═
2021-02-24 17:48:34,959 INFO     ___FILE_ONLY___ ═
2021-02-24 17:48:34,998 INFO     ___FILE_ONLY___ ═
2021-02-24 17:48:35,053 INFO     ___FILE_ONLY___ ═
2021-02-24 17:48:35,107 INFO     ___FILE_ONLY___ ═
2021-02-24 17:48:35,145 INFO     ___FILE_ONLY___ ═
2021-02-24 17:48:35,193 INFO     ___FILE_ONLY___ ═
2021-02-24 17:48:35,242 INFO     ___FILE_ONLY___ ═
2021-02-24 17:48:35,280 INFO     ___FILE_ONLY___ ═
2021-02-24 17:48:35,315 INFO     ___FILE_ONLY___ ═
2021-02-24 17:48:35,350 INFO     ___FILE_ONLY___ ═
2021-02-24 17:48:35,396 INFO     ___FILE_ONLY___ ═
2021-02-24 17:48:35,444 INFO     ___FILE_ONLY___ ═
2021-02-24 17:48:35,481 INFO     ___FILE_ONLY___ ═
2021-02-24 17:48:35,594 INFO     ___FILE_ONLY___ ═
2021-02-24 17:48:35,775 INFO     ___FILE_ONLY___ ═
2021-02-24 17:48:35,811 INFO     ___FILE_ONLY___ ═
2021-02-24 17:48:35,838 INFO     ___FILE_ONLY___ ═
2021-02-24 17:48:35,861 INFO     ___FILE_ONLY___ ═
2021-02-24 17:48:35,882 INFO     ___FILE_ONLY___ ═
2021-02-24 17:48:35,904 INFO     ___FILE_ONLY___ ═
2021-02-24 17:48:35,928 INFO     ___FILE_ONLY___ ═
2021-02-24 17:48:35,948 INFO     ___FILE_ONLY___ ═
2021-02-24 17:48:35,970 INFO     ___FILE_ONLY___ ═
2021-02-24 17:48:36,001 INFO     ___FILE_ONLY___ ═
2021-02-24 17:48:36,062 INFO     ___FILE_ONLY___ ═
2021-02-24 17:48:36,122 INFO     ___FILE_ONLY___ ═
2021-02-24 17:48:36,160 INFO     ___FILE_ONLY___ ═
2021-02-24 17:48:36,200 INFO     ___FILE_ONLY___ ═
2021-02-24 17:48:36,241 INFO     ___FILE_ONLY___ ═
2021-02-24 17:48:36,316 INFO     ___FILE_ONLY___ ═
2021-02-24 17:48:36,360 INFO     ___FILE_ONLY___ ═
2021-02-24 17:48:36,421 INFO     ___FILE_ONLY___ ═
2021-02-24 17:48:36,466 INFO     ___FILE_ONLY___ ═
2021-02-24 17:48:36,510 INFO     ___FILE_ONLY___ ═
2021-02-24 17:48:36,561 INFO     ___FILE_ONLY___ ═
2021-02-24 17:48:36,610 INFO     ___FILE_ONLY___ ═
2021-02-24 17:48:36,647 INFO     ___FILE_ONLY___ ═
2021-02-24 17:48:36,685 INFO     ___FILE_ONLY___ ═
2021-02-24 17:48:36,713 INFO     ___FILE_ONLY___ ═
2021-02-24 17:48:36,750 INFO     ___FILE_ONLY___ ═
2021-02-24 17:48:36,795 INFO     ___FILE_ONLY___ ═
2021-02-24 17:48:36,795 INFO     ___FILE_ONLY___ ╝

2021-02-24 17:48:36,882 INFO     ___FILE_ONLY___ ╔════════════════════════════════════════════════════════════╗

2021-02-24 17:48:36,883 INFO     ___FILE_ONLY___ ╠═ Installing: BigQuery Command Line Tool                   ═╣

2021-02-24 17:48:36,883 INFO     ___FILE_ONLY___ ╚
2021-02-24 17:48:36,985 INFO     ___FILE_ONLY___ ═
2021-02-24 17:48:36,986 INFO     ___FILE_ONLY___ ═
2021-02-24 17:48:36,986 INFO     ___FILE_ONLY___ ═
2021-02-24 17:48:36,987 INFO     ___FILE_ONLY___ ═
2021-02-24 17:48:36,987 INFO     ___FILE_ONLY___ ═
2021-02-24 17:48:36,988 INFO     ___FILE_ONLY___ ═
2021-02-24 17:48:36,988 INFO     ___FILE_ONLY___ ═
2021-02-24 17:48:36,989 INFO     ___FILE_ONLY___ ═
2021-02-24 17:48:36,989 INFO     ___FILE_ONLY___ ═
2021-02-24 17:48:36,990 INFO     ___FILE_ONLY___ ═
2021-02-24 17:48:36,990 INFO     ___FILE_ONLY___ ═
2021-02-24 17:48:36,991 INFO     ___FILE_ONLY___ ═
2021-02-24 17:48:36,991 INFO     ___FILE_ONLY___ ═
2021-02-24 17:48:36,992 INFO     ___FILE_ONLY___ ═
2021-02-24 17:48:36,992 INFO     ___FILE_ONLY___ ═
2021-02-24 17:48:36,993 INFO     ___FILE_ONLY___ ═
2021-02-24 17:48:36,993 INFO     ___FILE_ONLY___ ═
2021-02-24 17:48:36,994 INFO     ___FILE_ONLY___ ═
2021-02-24 17:48:36,994 INFO     ___FILE_ONLY___ ═
2021-02-24 17:48:36,994 INFO     ___FILE_ONLY___ ═
2021-02-24 17:48:36,995 INFO     ___FILE_ONLY___ ═
2021-02-24 17:48:36,995 INFO     ___FILE_ONLY___ ═
2021-02-24 17:48:36,996 INFO     ___FILE_ONLY___ ═
2021-02-24 17:48:36,996 INFO     ___FILE_ONLY___ ═
2021-02-24 17:48:36,997 INFO     ___FILE_ONLY___ ═
2021-02-24 17:48:36,997 INFO     ___FILE_ONLY___ ═
2021-02-24 17:48:36,998 INFO     ___FILE_ONLY___ ═
2021-02-24 17:48:36,998 INFO     ___FILE_ONLY___ ═
2021-02-24 17:48:36,999 INFO     ___FILE_ONLY___ ═
2021-02-24 17:48:37,001 INFO     ___FILE_ONLY___ ═
2021-02-24 17:48:37,059 INFO     ___FILE_ONLY___ ═
2021-02-24 17:48:37,068 INFO     ___FILE_ONLY___ ═
2021-02-24 17:48:37,071 INFO     ___FILE_ONLY___ ═
2021-02-24 17:48:37,074 INFO     ___FILE_ONLY___ ═
2021-02-24 17:48:37,077 INFO     ___FILE_ONLY___ ═
2021-02-24 17:48:37,081 INFO     ___FILE_ONLY___ ═
2021-02-24 17:48:37,083 INFO     ___FILE_ONLY___ ═
2021-02-24 17:48:37,086 INFO     ___FILE_ONLY___ ═
2021-02-24 17:48:37,088 INFO     ___FILE_ONLY___ ═
2021-02-24 17:48:37,092 INFO     ___FILE_ONLY___ ═
2021-02-24 17:48:37,098 INFO     ___FILE_ONLY___ ═
2021-02-24 17:48:37,101 INFO     ___FILE_ONLY___ ═
2021-02-24 17:48:37,104 INFO     ___FILE_ONLY___ ═
2021-02-24 17:48:37,107 INFO     ___FILE_ONLY___ ═
2021-02-24 17:48:37,109 INFO     ___FILE_ONLY___ ═
2021-02-24 17:48:37,111 INFO     ___FILE_ONLY___ ═
2021-02-24 17:48:37,113 INFO     ___FILE_ONLY___ ═
2021-02-24 17:48:37,116 INFO     ___FILE_ONLY___ ═
2021-02-24 17:48:37,119 INFO     ___FILE_ONLY___ ═
2021-02-24 17:48:37,122 INFO     ___FILE_ONLY___ ═
2021-02-24 17:48:37,126 INFO     ___FILE_ONLY___ ═
2021-02-24 17:48:37,128 INFO     ___FILE_ONLY___ ═
2021-02-24 17:48:37,131 INFO     ___FILE_ONLY___ ═
2021-02-24 17:48:37,134 INFO     ___FILE_ONLY___ ═
2021-02-24 17:48:37,137 INFO     ___FILE_ONLY___ ═
2021-02-24 17:48:37,139 INFO     ___FILE_ONLY___ ═
2021-02-24 17:48:37,142 INFO     ___FILE_ONLY___ ═
2021-02-24 17:48:37,146 INFO     ___FILE_ONLY___ ═
2021-02-24 17:48:37,148 INFO     ___FILE_ONLY___ ═
2021-02-24 17:48:37,151 INFO     ___FILE_ONLY___ ═
2021-02-24 17:48:37,152 INFO     ___FILE_ONLY___ ╝

2021-02-24 17:48:37,167 INFO     ___FILE_ONLY___ ╔════════════════════════════════════════════════════════════╗

2021-02-24 17:48:37,168 INFO     ___FILE_ONLY___ ╠═ Installing: BigQuery Command Line Tool (Platform Spec... ═╣

2021-02-24 17:48:37,168 INFO     ___FILE_ONLY___ ╚
2021-02-24 17:48:37,205 INFO     ___FILE_ONLY___ ══════════════════════════════
2021-02-24 17:48:37,206 INFO     ___FILE_ONLY___ ══════════════════════════════
2021-02-24 17:48:37,207 INFO     ___FILE_ONLY___ ╝

2021-02-24 17:48:37,217 INFO     ___FILE_ONLY___ ╔════════════════════════════════════════════════════════════╗

2021-02-24 17:48:37,218 INFO     ___FILE_ONLY___ ╠═ Installing: Cloud SDK Core Libraries (Platform Specific) ═╣

2021-02-24 17:48:37,218 INFO     ___FILE_ONLY___ ╚
2021-02-24 17:48:37,313 INFO     ___FILE_ONLY___ ══════════════════════════════
2021-02-24 17:48:37,315 INFO     ___FILE_ONLY___ ═══════════════
2021-02-24 17:48:37,315 INFO     ___FILE_ONLY___ ═══════════════
2021-02-24 17:48:37,315 INFO     ___FILE_ONLY___ ╝

2021-02-24 17:48:37,326 INFO     ___FILE_ONLY___ ╔════════════════════════════════════════════════════════════╗

2021-02-24 17:48:37,326 INFO     ___FILE_ONLY___ ╠═ Installing: Cloud Storage Command Line Tool              ═╣

2021-02-24 17:48:37,327 INFO     ___FILE_ONLY___ ╚
2021-02-24 17:48:37,364 INFO     ___FILE_ONLY___ ═
2021-02-24 17:48:37,366 INFO     ___FILE_ONLY___ ═
2021-02-24 17:48:37,367 INFO     ___FILE_ONLY___ ═
2021-02-24 17:48:37,369 INFO     ___FILE_ONLY___ ═
2021-02-24 17:48:37,371 INFO     ___FILE_ONLY___ ═
2021-02-24 17:48:37,372 INFO     ___FILE_ONLY___ ═
2021-02-24 17:48:37,374 INFO     ___FILE_ONLY___ ═
2021-02-24 17:48:37,375 INFO     ___FILE_ONLY___ ═
2021-02-24 17:48:37,377 INFO     ___FILE_ONLY___ ═
2021-02-24 17:48:37,378 INFO     ___FILE_ONLY___ ═
2021-02-24 17:48:37,380 INFO     ___FILE_ONLY___ ═
2021-02-24 17:48:37,381 INFO     ___FILE_ONLY___ ═
2021-02-24 17:48:37,383 INFO     ___FILE_ONLY___ ═
2021-02-24 17:48:37,384 INFO     ___FILE_ONLY___ ═
2021-02-24 17:48:37,386 INFO     ___FILE_ONLY___ ═
2021-02-24 17:48:37,387 INFO     ___FILE_ONLY___ ═
2021-02-24 17:48:37,387 INFO     ___FILE_ONLY___ ═
2021-02-24 17:48:37,388 INFO     ___FILE_ONLY___ ═
2021-02-24 17:48:37,389 INFO     ___FILE_ONLY___ ═
2021-02-24 17:48:37,389 INFO     ___FILE_ONLY___ ═
2021-02-24 17:48:37,390 INFO     ___FILE_ONLY___ ═
2021-02-24 17:48:37,391 INFO     ___FILE_ONLY___ ═
2021-02-24 17:48:37,391 INFO     ___FILE_ONLY___ ═
2021-02-24 17:48:37,392 INFO     ___FILE_ONLY___ ═
2021-02-24 17:48:37,392 INFO     ___FILE_ONLY___ ═
2021-02-24 17:48:37,393 INFO     ___FILE_ONLY___ ═
2021-02-24 17:48:37,394 INFO     ___FILE_ONLY___ ═
2021-02-24 17:48:37,394 INFO     ___FILE_ONLY___ ═
2021-02-24 17:48:37,395 INFO     ___FILE_ONLY___ ═
2021-02-24 17:48:37,397 INFO     ___FILE_ONLY___ ═
2021-02-24 17:48:37,703 INFO     ___FILE_ONLY___ ═
2021-02-24 17:48:37,717 INFO     ___FILE_ONLY___ ═
2021-02-24 17:48:37,735 INFO     ___FILE_ONLY___ ═
2021-02-24 17:48:37,750 INFO     ___FILE_ONLY___ ═
2021-02-24 17:48:37,761 INFO     ___FILE_ONLY___ ═
2021-02-24 17:48:37,774 INFO     ___FILE_ONLY___ ═
2021-02-24 17:48:37,787 INFO     ___FILE_ONLY___ ═
2021-02-24 17:48:37,809 INFO     ___FILE_ONLY___ ═
2021-02-24 17:48:37,826 INFO     ___FILE_ONLY___ ═
2021-02-24 17:48:37,841 INFO     ___FILE_ONLY___ ═
2021-02-24 17:48:37,855 INFO     ___FILE_ONLY___ ═
2021-02-24 17:48:37,870 INFO     ___FILE_ONLY___ ═
2021-02-24 17:48:37,895 INFO     ___FILE_ONLY___ ═
2021-02-24 17:48:37,915 INFO     ___FILE_ONLY___ ═
2021-02-24 17:48:37,930 INFO     ___FILE_ONLY___ ═
2021-02-24 17:48:37,942 INFO     ___FILE_ONLY___ ═
2021-02-24 17:48:37,961 INFO     ___FILE_ONLY___ ═
2021-02-24 17:48:37,977 INFO     ___FILE_ONLY___ ═
2021-02-24 17:48:37,997 INFO     ___FILE_ONLY___ ═
2021-02-24 17:48:38,014 INFO     ___FILE_ONLY___ ═
2021-02-24 17:48:38,033 INFO     ___FILE_ONLY___ ═
2021-02-24 17:48:38,051 INFO     ___FILE_ONLY___ ═
2021-02-24 17:48:38,065 INFO     ___FILE_ONLY___ ═
2021-02-24 17:48:38,077 INFO     ___FILE_ONLY___ ═
2021-02-24 17:48:38,089 INFO     ___FILE_ONLY___ ═
2021-02-24 17:48:38,102 INFO     ___FILE_ONLY___ ═
2021-02-24 17:48:38,116 INFO     ___FILE_ONLY___ ═
2021-02-24 17:48:38,130 INFO     ___FILE_ONLY___ ═
2021-02-24 17:48:38,153 INFO     ___FILE_ONLY___ ═
2021-02-24 17:48:38,173 INFO     ___FILE_ONLY___ ═
2021-02-24 17:48:38,173 INFO     ___FILE_ONLY___ ╝

2021-02-24 17:48:38,230 INFO     ___FILE_ONLY___ ╔════════════════════════════════════════════════════════════╗

2021-02-24 17:48:38,231 INFO     ___FILE_ONLY___ ╠═ Installing: Cloud Storage Command Line Tool (Platform... ═╣

2021-02-24 17:48:38,231 INFO     ___FILE_ONLY___ ╚
2021-02-24 17:48:38,326 INFO     ___FILE_ONLY___ ══════════════════════════════
2021-02-24 17:48:38,327 INFO     ___FILE_ONLY___ ══════════════════════════════
2021-02-24 17:48:38,327 INFO     ___FILE_ONLY___ ╝

2021-02-24 17:48:38,338 INFO     ___FILE_ONLY___ ╔════════════════════════════════════════════════════════════╗

2021-02-24 17:48:38,338 INFO     ___FILE_ONLY___ ╠═ Installing: Default set of gcloud commands               ═╣

2021-02-24 17:48:38,338 INFO     ___FILE_ONLY___ ╚
2021-02-24 17:48:38,344 INFO     ___FILE_ONLY___ ════════════════════════════════════════════════════════════
2021-02-24 17:48:38,344 INFO     ___FILE_ONLY___ ╝

2021-02-24 17:48:38,349 INFO     ___FILE_ONLY___ ╔════════════════════════════════════════════════════════════╗

2021-02-24 17:48:38,350 INFO     ___FILE_ONLY___ ╠═ Installing: Kuberun                                      ═╣

2021-02-24 17:48:38,350 INFO     ___FILE_ONLY___ ╚
2021-02-24 17:48:38,356 INFO     ___FILE_ONLY___ ════════════════════════════════════════════════════════════
2021-02-24 17:48:38,356 INFO     ___FILE_ONLY___ ╝

2021-02-24 17:48:38,361 INFO     ___FILE_ONLY___ ╔════════════════════════════════════════════════════════════╗

2021-02-24 17:48:38,361 INFO     ___FILE_ONLY___ ╠═ Installing: Kuberun                                      ═╣

2021-02-24 17:48:38,362 INFO     ___FILE_ONLY___ ╚
2021-02-24 17:48:38,468 INFO     ___FILE_ONLY___ ═
2021-02-24 17:48:38,476 INFO     ___FILE_ONLY___ ═
2021-02-24 17:48:38,482 INFO     ___FILE_ONLY___ ═
2021-02-24 17:48:38,486 INFO     ___FILE_ONLY___ ═
2021-02-24 17:48:38,489 INFO     ___FILE_ONLY___ ═
2021-02-24 17:48:38,492 INFO     ___FILE_ONLY___ ═
2021-02-24 17:48:38,495 INFO     ___FILE_ONLY___ ═
2021-02-24 17:48:38,498 INFO     ___FILE_ONLY___ ═
2021-02-24 17:48:38,501 INFO     ___FILE_ONLY___ ═
2021-02-24 17:48:38,505 INFO     ___FILE_ONLY___ ═
2021-02-24 17:48:38,508 INFO     ___FILE_ONLY___ ═
2021-02-24 17:48:38,511 INFO     ___FILE_ONLY___ ═
2021-02-24 17:48:38,514 INFO     ___FILE_ONLY___ ═
2021-02-24 17:48:38,517 INFO     ___FILE_ONLY___ ═
2021-02-24 17:48:38,520 INFO     ___FILE_ONLY___ ═
2021-02-24 17:48:38,523 INFO     ___FILE_ONLY___ ═
2021-02-24 17:48:38,527 INFO     ___FILE_ONLY___ ═
2021-02-24 17:48:38,530 INFO     ___FILE_ONLY___ ═
2021-02-24 17:48:38,533 INFO     ___FILE_ONLY___ ═
2021-02-24 17:48:38,536 INFO     ___FILE_ONLY___ ═
2021-02-24 17:48:38,539 INFO     ___FILE_ONLY___ ═
2021-02-24 17:48:38,542 INFO     ___FILE_ONLY___ ═
2021-02-24 17:48:38,545 INFO     ___FILE_ONLY___ ═
2021-02-24 17:48:38,548 INFO     ___FILE_ONLY___ ═
2021-02-24 17:48:38,551 INFO     ___FILE_ONLY___ ═
2021-02-24 17:48:38,554 INFO     ___FILE_ONLY___ ═
2021-02-24 17:48:38,558 INFO     ___FILE_ONLY___ ═
2021-02-24 17:48:38,560 INFO     ___FILE_ONLY___ ═
2021-02-24 17:48:38,563 INFO     ___FILE_ONLY___ ═
2021-02-24 17:48:38,568 INFO     ___FILE_ONLY___ ═
2021-02-24 17:48:39,517 INFO     ___FILE_ONLY___ ═
2021-02-24 17:48:39,518 INFO     ___FILE_ONLY___ ═
2021-02-24 17:48:39,518 INFO     ___FILE_ONLY___ ═
2021-02-24 17:48:39,519 INFO     ___FILE_ONLY___ ═
2021-02-24 17:48:39,519 INFO     ___FILE_ONLY___ ═
2021-02-24 17:48:39,519 INFO     ___FILE_ONLY___ ═
2021-02-24 17:48:39,520 INFO     ___FILE_ONLY___ ══
2021-02-24 17:48:39,520 INFO     ___FILE_ONLY___ ═
2021-02-24 17:48:39,520 INFO     ___FILE_ONLY___ ═
2021-02-24 17:48:39,521 INFO     ___FILE_ONLY___ ═
2021-02-24 17:48:39,521 INFO     ___FILE_ONLY___ ═
2021-02-24 17:48:39,521 INFO     ___FILE_ONLY___ ═
2021-02-24 17:48:39,522 INFO     ___FILE_ONLY___ ══
2021-02-24 17:48:39,522 INFO     ___FILE_ONLY___ ═
2021-02-24 17:48:39,523 INFO     ___FILE_ONLY___ ═
2021-02-24 17:48:39,523 INFO     ___FILE_ONLY___ ═
2021-02-24 17:48:39,523 INFO     ___FILE_ONLY___ ═
2021-02-24 17:48:39,524 INFO     ___FILE_ONLY___ ═
2021-02-24 17:48:39,524 INFO     ___FILE_ONLY___ ═
2021-02-24 17:48:39,524 INFO     ___FILE_ONLY___ ══
2021-02-24 17:48:39,525 INFO     ___FILE_ONLY___ ═
2021-02-24 17:48:39,525 INFO     ___FILE_ONLY___ ═
2021-02-24 17:48:39,525 INFO     ___FILE_ONLY___ ═
2021-02-24 17:48:39,526 INFO     ___FILE_ONLY___ ═
2021-02-24 17:48:39,526 INFO     ___FILE_ONLY___ ═
2021-02-24 17:48:39,528 INFO     ___FILE_ONLY___ ══
2021-02-24 17:48:39,528 INFO     ___FILE_ONLY___ ╝

2021-02-24 17:48:39,542 INFO     ___FILE_ONLY___ ╔════════════════════════════════════════════════════════════╗

2021-02-24 17:48:39,543 INFO     ___FILE_ONLY___ ╠═ Installing: anthoscli                                    ═╣

2021-02-24 17:48:39,543 INFO     ___FILE_ONLY___ ╚
2021-02-24 17:48:39,654 INFO     ___FILE_ONLY___ ═
2021-02-24 17:48:39,662 INFO     ___FILE_ONLY___ ═
2021-02-24 17:48:39,669 INFO     ___FILE_ONLY___ ═
2021-02-24 17:48:39,676 INFO     ___FILE_ONLY___ ═
2021-02-24 17:48:39,683 INFO     ___FILE_ONLY___ ═
2021-02-24 17:48:39,690 INFO     ___FILE_ONLY___ ═
2021-02-24 17:48:39,697 INFO     ___FILE_ONLY___ ═
2021-02-24 17:48:39,704 INFO     ___FILE_ONLY___ ═
2021-02-24 17:48:39,711 INFO     ___FILE_ONLY___ ═
2021-02-24 17:48:39,718 INFO     ___FILE_ONLY___ ═
2021-02-24 17:48:39,725 INFO     ___FILE_ONLY___ ═
2021-02-24 17:48:39,731 INFO     ___FILE_ONLY___ ═
2021-02-24 17:48:39,738 INFO     ___FILE_ONLY___ ═
2021-02-24 17:48:39,745 INFO     ___FILE_ONLY___ ═
2021-02-24 17:48:39,752 INFO     ___FILE_ONLY___ ═
2021-02-24 17:48:39,759 INFO     ___FILE_ONLY___ ═
2021-02-24 17:48:39,766 INFO     ___FILE_ONLY___ ═
2021-02-24 17:48:39,773 INFO     ___FILE_ONLY___ ═
2021-02-24 17:48:39,779 INFO     ___FILE_ONLY___ ═
2021-02-24 17:48:39,786 INFO     ___FILE_ONLY___ ═
2021-02-24 17:48:39,793 INFO     ___FILE_ONLY___ ═
2021-02-24 17:48:39,800 INFO     ___FILE_ONLY___ ═
2021-02-24 17:48:39,807 INFO     ___FILE_ONLY___ ═
2021-02-24 17:48:39,814 INFO     ___FILE_ONLY___ ═
2021-02-24 17:48:39,820 INFO     ___FILE_ONLY___ ═
2021-02-24 17:48:39,827 INFO     ___FILE_ONLY___ ═
2021-02-24 17:48:39,834 INFO     ___FILE_ONLY___ ═
2021-02-24 17:48:39,841 INFO     ___FILE_ONLY___ ═
2021-02-24 17:48:39,848 INFO     ___FILE_ONLY___ ═
2021-02-24 17:48:39,856 INFO     ___FILE_ONLY___ ═
2021-02-24 17:48:41,928 INFO     ___FILE_ONLY___ ══════════
2021-02-24 17:48:41,933 INFO     ___FILE_ONLY___ ═════════
2021-02-24 17:48:41,958 INFO     ___FILE_ONLY___ ═══════════
2021-02-24 17:48:41,958 INFO     ___FILE_ONLY___ ╝

2021-02-24 17:48:41,978 INFO     ___FILE_ONLY___ ╔════════════════════════════════════════════════════════════╗

2021-02-24 17:48:41,978 INFO     ___FILE_ONLY___ ╠═ Installing: anthoscli                                    ═╣

2021-02-24 17:48:41,979 INFO     ___FILE_ONLY___ ╚
2021-02-24 17:48:41,984 INFO     ___FILE_ONLY___ ════════════════════════════════════════════════════════════
2021-02-24 17:48:41,985 INFO     ___FILE_ONLY___ ╝

2021-02-24 17:48:41,989 INFO     ___FILE_ONLY___ ╔════════════════════════════════════════════════════════════╗

2021-02-24 17:48:41,990 INFO     ___FILE_ONLY___ ╠═ Installing: gcloud cli dependencies                      ═╣

2021-02-24 17:48:41,990 INFO     ___FILE_ONLY___ ╚
2021-02-24 17:48:42,087 INFO     ___FILE_ONLY___ ══════════════════════════════
2021-02-24 17:48:42,088 INFO     ___FILE_ONLY___ ══════
2021-02-24 17:48:42,089 INFO     ___FILE_ONLY___ ══════
2021-02-24 17:48:42,089 INFO     ___FILE_ONLY___ ══════
2021-02-24 17:48:42,089 INFO     ___FILE_ONLY___ ══════
2021-02-24 17:48:42,090 INFO     ___FILE_ONLY___ ══════
2021-02-24 17:48:42,090 INFO     ___FILE_ONLY___ ╝

2021-02-24 17:48:42,100 INFO     ___FILE_ONLY___ ╔════════════════════════════════════════════════════════════╗

2021-02-24 17:48:42,101 INFO     ___FILE_ONLY___ ╠═ Creating backup and activating new installation          ═╣

2021-02-24 17:48:42,101 INFO     ___FILE_ONLY___ ╚
2021-02-24 17:48:42,101 DEBUG    root            Attempting to move directory [/tools/google-cloud-sdk] to [/tools/google-cloud-sdk.staging/.install/.backup]
2021-02-24 17:48:42,101 INFO     ___FILE_ONLY___ ══════════════════════════════
2021-02-24 17:48:42,102 DEBUG    root            Attempting to move directory [/tools/google-cloud-sdk.staging] to [/tools/google-cloud-sdk]
2021-02-24 17:48:42,102 INFO     ___FILE_ONLY___ ══════════════════════════════
2021-02-24 17:48:42,102 INFO     ___FILE_ONLY___ ╝

2021-02-24 17:48:42,107 DEBUG    root            Updating notification cache...
2021-02-24 17:48:42,108 INFO     ___FILE_ONLY___ 

2021-02-24 17:48:42,113 INFO     ___FILE_ONLY___ Performing post processing steps...
2021-02-24 17:48:42,114 DEBUG    root            Executing command: ['python3', '-S', '/tools/google-cloud-sdk/lib/gcloud.py', 'components', 'post-process']
2021-02-24 17:48:58,156 DEBUG    ___FILE_ONLY___ 
2021-02-24 17:48:58,156 DEBUG    ___FILE_ONLY___ 
2021-02-24 17:48:58,392 INFO     ___FILE_ONLY___ 
Update done!


2021-02-24 17:48:58,397 INFO     root            Display format: "none"
